<?xml version="1.0" encoding="UTF-8"?>
<!-- Generated by org.testng.reporters.JUnitReportReporter -->
<testsuite hostname="DESKTOP-FVF3EU5" failures="0" tests="1" name="testCases.AccountRegistration" time="6.676" errors="0" timestamp="2025-06-21T15:05:58 IST" skipped="0">
  <testcase classname="testCases.AccountRegistration" name="verify_account_registration" time="6.676"/>
</testsuite> <!-- testCases.AccountRegistration -->
