<?xml version="1.0" encoding="UTF-8"?>
<!-- Generated by org.testng.reporters.JUnitReportReporter -->
<testsuite hostname="DESKTOP-FVF3EU5" failures="0" tests="1" name="testCases.TC002_Login" time="2.195" errors="0" timestamp="2025-07-28T20:45:42 IST" skipped="0">
  <testcase classname="testCases.TC002_Login" name="logintest" time="2.195"/>
</testsuite> <!-- testCases.TC002_Login -->
