<?xml version="1.0" encoding="UTF-8"?>
<!-- Generated by org.testng.reporters.JUnitReportReporter -->
<testsuite hostname="DESKTOP-FVF3EU5" failures="0" tests="5" name="testCases.TC003_Login_DD" time="57.910" errors="0" timestamp="2025-07-29T00:29:45 IST" skipped="0">
  <testcase classname="testCases.TC003_Login_DD" name="logintest" time="12.743"/>
  <testcase classname="testCases.TC003_Login_DD" name="logintest" time="10.946"/>
  <testcase classname="testCases.TC003_Login_DD" name="logintest" time="12.380"/>
  <testcase classname="testCases.TC003_Login_DD" name="logintest" time="11.147"/>
  <testcase classname="testCases.TC003_Login_DD" name="logintest" time="10.694"/>
</testsuite> <!-- testCases.TC003_Login_DD -->
