<?xml version="1.0" encoding="UTF-8"?>
<!-- Generated by org.testng.reporters.JUnitReportReporter -->
<testsuite hostname="DESKTOP-FVF3EU5" failures="0" tests="1" name="testCases.TC001_AccountRegistration" time="2.223" errors="0" timestamp="2025-07-29T00:29:45 IST" skipped="0">
  <testcase classname="testCases.TC001_AccountRegistration" name="verify_account_registration" time="2.223"/>
</testsuite> <!-- testCases.TC001_AccountRegistration -->
