<?xml version="1.0" encoding="UTF-8"?>
<!-- Generated by org.testng.reporters.JUnitReportReporter -->
<testsuite hostname="DESKTOP-FVF3EU5" failures="0" tests="1" name="testCases.TC002_Login" time="1.711" errors="0" timestamp="2025-07-29T00:29:45 IST" skipped="0">
  <testcase classname="testCases.TC002_Login" name="logintest" time="1.711"/>
</testsuite> <!-- testCases.TC002_Login -->
